  Main.cpp
D:\sample_opencv_platform\thirdparty\opencv_470\build\include\opencv2\core.hpp(1747,1): warning C4819: 현재 코드 페이지(949)에서 표시할 수 없는 문자가 파일에 들어 있습니다. 데이터가 손실되지 않게 하려면 해당 파일을 유니코드 형식으로 저장하십시오.
D:\sample_opencv_platform\thirdparty\opencv_470\build\include\opencv2\core.hpp(1747,1): warning C4819: 현재 코드 페이지(949)에서 표시할 수 없는 문자가 파일에 들어 있습니다. 데이터가 손실되지 않게 하려면 해당 파일을 유니코드 형식으로 저장하십시오.
D:\sample_opencv_platform\thirdparty\opencv_470\build\include\opencv2\core.hpp(1747,1): warning C4819: 현재 코드 페이지(949)에서 표시할 수 없는 문자가 파일에 들어 있습니다. 데이터가 손실되지 않게 하려면 해당 파일을 유니코드 형식으로 저장하십시오.
D:\sample_opencv_platform\thirdparty\opencv_470\build\include\opencv2\objdetect\aruco_board.hpp(1,1): warning C4819: 현재 코드 페이지(949)에서 표시할 수 없는 문자가 파일에 들어 있습니다. 데이터가 손실되지 않게 하려면 해당 파일을 유니코드 형식으로 저장하십시오.
D:\sample_opencv_platform\OpenCVAppGUI\RoadLaneDetection\Main.cpp(137,61): warning C4305: '인수': 'int'에서 'bool'(으)로 잘립니다.
D:\sample_opencv_platform\OpenCVAppGUI\RoadLaneDetection\Main.cpp(148,13): warning C4244: '초기화 중': 'double'에서 'int'(으)로 변환하면서 데이터가 손실될 수 있습니다.
D:\sample_opencv_platform\OpenCVAppGUI\RoadLaneDetection\Main.cpp(149,19): warning C4244: '초기화 중': 'double'에서 'int'(으)로 변환하면서 데이터가 손실될 수 있습니다.
D:\sample_opencv_platform\OpenCVAppGUI\RoadLaneDetection\Main.cpp(257,22): warning C4244: '=': 'double'에서 'int'(으)로 변환하면서 데이터가 손실될 수 있습니다.
D:\sample_opencv_platform\OpenCVAppGUI\RoadLaneDetection\Main.cpp(258,63): warning C4244: '인수': 'double'에서 '_Tp'(으)로 변환하면서 데이터가 손실될 수 있습니다.
          with
          [
              _Tp=int
          ]
  코드를 생성하고 있습니다.
  0 of 448 functions ( 0.0%) were compiled, the rest were copied from previous compilation.
    0 functions were new in current compilation
    0 functions had inline decision re-evaluated but remain unchanged
  코드를 생성했습니다.
  RoadLaneDetection.vcxproj -> D:\sample_opencv_platform\OpenCVAppGUI\Build\x64\RoadLaneDetection.exe
