  pch.cpp
  OpenCVAppGUI.cpp
D:\sample_opencv_platform\thirdparty\opencv_470\build\include\opencv2\core.hpp(1747,1): warning C4819: 현재 코드 페이지(949)에서 표시할 수 없는 문자가 파일에 들어 있습니다. 데이터가 손실되지 않게 하려면 해당 파일을 유니코드 형식으로 저장하십시오.
D:\sample_opencv_platform\thirdparty\opencv_470\build\include\opencv2\core.hpp(1747,1): warning C4819: 현재 코드 페이지(949)에서 표시할 수 없는 문자가 파일에 들어 있습니다. 데이터가 손실되지 않게 하려면 해당 파일을 유니코드 형식으로 저장하십시오.
D:\sample_opencv_platform\thirdparty\opencv_470\build\include\opencv2\core.hpp(1747,1): warning C4819: 현재 코드 페이지(949)에서 표시할 수 없는 문자가 파일에 들어 있습니다. 데이터가 손실되지 않게 하려면 해당 파일을 유니코드 형식으로 저장하십시오.
D:\sample_opencv_platform\thirdparty\opencv_470\build\include\opencv2\objdetect\aruco_board.hpp(1,1): warning C4819: 현재 코드 페이지(949)에서 표시할 수 없는 문자가 파일에 들어 있습니다. 데이터가 손실되지 않게 하려면 해당 파일을 유니코드 형식으로 저장하십시오.
  OpenCVAppGUIDlg.cpp
D:\sample_opencv_platform\thirdparty\opencv_470\build\include\opencv2\core.hpp(1747,1): warning C4819: 현재 코드 페이지(949)에서 표시할 수 없는 문자가 파일에 들어 있습니다. 데이터가 손실되지 않게 하려면 해당 파일을 유니코드 형식으로 저장하십시오.
D:\sample_opencv_platform\thirdparty\opencv_470\build\include\opencv2\core.hpp(1747,1): warning C4819: 현재 코드 페이지(949)에서 표시할 수 없는 문자가 파일에 들어 있습니다. 데이터가 손실되지 않게 하려면 해당 파일을 유니코드 형식으로 저장하십시오.
D:\sample_opencv_platform\thirdparty\opencv_470\build\include\opencv2\core.hpp(1747,1): warning C4819: 현재 코드 페이지(949)에서 표시할 수 없는 문자가 파일에 들어 있습니다. 데이터가 손실되지 않게 하려면 해당 파일을 유니코드 형식으로 저장하십시오.
D:\sample_opencv_platform\thirdparty\opencv_470\build\include\opencv2\objdetect\aruco_board.hpp(1,1): warning C4819: 현재 코드 페이지(949)에서 표시할 수 없는 문자가 파일에 들어 있습니다. 데이터가 손실되지 않게 하려면 해당 파일을 유니코드 형식으로 저장하십시오.
D:\sample_opencv_platform\OpenCVAppGUI\OpenCVAppGUI\OpenCVAppGUIDlg.cpp(648,52): warning C4267: '인수': 'size_t'에서 '_Tp'(으)로 변환하면서 데이터가 손실될 수 있습니다.
          with
          [
              _Tp=int
          ]
D:\sample_opencv_platform\OpenCVAppGUI\OpenCVAppGUI\OpenCVAppGUIDlg.cpp(655,53): warning C4267: '인수': 'size_t'에서 '_Tp'(으)로 변환하면서 데이터가 손실될 수 있습니다.
          with
          [
              _Tp=int
          ]
D:\sample_opencv_platform\OpenCVAppGUI\OpenCVAppGUI\OpenCVAppGUIDlg.cpp(664,51): warning C4267: '인수': 'size_t'에서 '_Tp'(으)로 변환하면서 데이터가 손실될 수 있습니다.
          with
          [
              _Tp=int
          ]
D:\sample_opencv_platform\OpenCVAppGUI\OpenCVAppGUI\OpenCVAppGUIDlg.cpp(671,51): warning C4267: '인수': 'size_t'에서 '_Tp'(으)로 변환하면서 데이터가 손실될 수 있습니다.
          with
          [
              _Tp=int
          ]
D:\sample_opencv_platform\OpenCVAppGUI\OpenCVAppGUI\OpenCVAppGUIDlg.cpp(829,20): warning C4267: '=': 'size_t'에서 'int'(으)로 변환하면서 데이터가 손실될 수 있습니다.
D:\sample_opencv_platform\OpenCVAppGUI\OpenCVAppGUI\OpenCVAppGUIDlg.cpp(834,23): warning C4267: '=': 'size_t'에서 'int'(으)로 변환하면서 데이터가 손실될 수 있습니다.
D:\sample_opencv_platform\OpenCVAppGUI\OpenCVAppGUI\OpenCVAppGUIDlg.cpp(839,22): warning C4267: '=': 'size_t'에서 'int'(으)로 변환하면서 데이터가 손실될 수 있습니다.
D:\sample_opencv_platform\OpenCVAppGUI\OpenCVAppGUI\OpenCVAppGUIDlg.cpp(926,31): warning C4267: '인수': 'size_t'에서 '_Ty'(으)로 변환하면서 데이터가 손실될 수 있습니다.
          with
          [
              _Ty=int
          ]
D:\sample_opencv_platform\OpenCVAppGUI\OpenCVAppGUI\OpenCVAppGUIDlg.cpp(931,32): warning C4267: '인수': 'size_t'에서 '_Ty'(으)로 변환하면서 데이터가 손실될 수 있습니다.
          with
          [
              _Ty=int
          ]
D:\sample_opencv_platform\OpenCVAppGUI\OpenCVAppGUI\OpenCVAppGUIDlg.cpp(936,29): warning C4267: '인수': 'size_t'에서 '_Ty'(으)로 변환하면서 데이터가 손실될 수 있습니다.
          with
          [
              _Ty=int
          ]
D:\sample_opencv_platform\OpenCVAppGUI\OpenCVAppGUI\OpenCVAppGUIDlg.cpp(1096,40): warning C4267: '초기화 중': 'size_t'에서 'int'(으)로 변환하면서 데이터가 손실될 수 있습니다.
D:\sample_opencv_platform\OpenCVAppGUI\OpenCVAppGUI\OpenCVAppGUIDlg.cpp(1102,35): warning C4267: '인수': 'size_t'에서 '_Tp'(으)로 변환하면서 데이터가 손실될 수 있습니다.
          with
          [
              _Tp=int
          ]
D:\sample_opencv_platform\OpenCVAppGUI\OpenCVAppGUI\OpenCVAppGUIDlg.cpp(1106,34): warning C4267: '인수': 'size_t'에서 '_Tp'(으)로 변환하면서 데이터가 손실될 수 있습니다.
          with
          [
              _Tp=int
          ]
D:\sample_opencv_platform\OpenCVAppGUI\OpenCVAppGUI\OpenCVAppGUIDlg.cpp(1441,28): warning C4244: '=': 'float'에서 'int'(으)로 변환하면서 데이터가 손실될 수 있습니다.
D:\sample_opencv_platform\OpenCVAppGUI\OpenCVAppGUI\OpenCVAppGUIDlg.cpp(1459,113): warning C4267: '인수': 'size_t'에서 '_Tp'(으)로 변환하면서 데이터가 손실될 수 있습니다.
          with
          [
              _Tp=int
          ]
D:\sample_opencv_platform\OpenCVAppGUI\OpenCVAppGUI\OpenCVAppGUIDlg.cpp(1469,42): warning C4267: '인수': 'size_t'에서 '_Tp'(으)로 변환하면서 데이터가 손실될 수 있습니다.
          with
          [
              _Tp=int
          ]
D:\sample_opencv_platform\OpenCVAppGUI\OpenCVAppGUI\OpenCVAppGUIDlg.cpp(1470,60): warning C4267: '인수': 'size_t'에서 '_Tp'(으)로 변환하면서 데이터가 손실될 수 있습니다.
          with
          [
              _Tp=int
          ]
D:\sample_opencv_platform\OpenCVAppGUI\OpenCVAppGUI\OpenCVAppGUIDlg.cpp(1480,41): warning C4267: '인수': 'size_t'에서 '_Tp'(으)로 변환하면서 데이터가 손실될 수 있습니다.
          with
          [
              _Tp=int
          ]
D:\sample_opencv_platform\OpenCVAppGUI\OpenCVAppGUI\OpenCVAppGUIDlg.cpp(1481,41): warning C4267: '인수': 'size_t'에서 '_Tp'(으)로 변환하면서 데이터가 손실될 수 있습니다.
          with
          [
              _Tp=int
          ]
D:\sample_opencv_platform\OpenCVAppGUI\OpenCVAppGUI\OpenCVAppGUIDlg.cpp(1486,18): warning C4244: '초기화 중': 'double'에서 'int'(으)로 변환하면서 데이터가 손실될 수 있습니다.
D:\sample_opencv_platform\OpenCVAppGUI\OpenCVAppGUI\OpenCVAppGUIDlg.cpp(1487,18): warning C4244: '초기화 중': 'double'에서 'int'(으)로 변환하면서 데이터가 손실될 수 있습니다.
D:\sample_opencv_platform\OpenCVAppGUI\OpenCVAppGUI\OpenCVAppGUIDlg.cpp(1488,50): warning C4267: '인수': 'size_t'에서 '_Tp'(으)로 변환하면서 데이터가 손실될 수 있습니다.
          with
          [
              _Tp=int
          ]
D:\sample_opencv_platform\OpenCVAppGUI\OpenCVAppGUI\OpenCVAppGUIDlg.cpp(1489,50): warning C4267: '인수': 'size_t'에서 '_Tp'(으)로 변환하면서 데이터가 손실될 수 있습니다.
          with
          [
              _Tp=int
          ]
D:\sample_opencv_platform\OpenCVAppGUI\OpenCVAppGUI\OpenCVAppGUIDlg.cpp(1522,28): warning C4244: '=': 'float'에서 'int'(으)로 변환하면서 데이터가 손실될 수 있습니다.
D:\sample_opencv_platform\OpenCVAppGUI\OpenCVAppGUI\OpenCVAppGUIDlg.cpp(1538,113): warning C4267: '인수': 'size_t'에서 '_Tp'(으)로 변환하면서 데이터가 손실될 수 있습니다.
          with
          [
              _Tp=int
          ]
D:\sample_opencv_platform\OpenCVAppGUI\OpenCVAppGUI\OpenCVAppGUIDlg.cpp(1548,42): warning C4267: '인수': 'size_t'에서 '_Tp'(으)로 변환하면서 데이터가 손실될 수 있습니다.
          with
          [
              _Tp=int
          ]
D:\sample_opencv_platform\OpenCVAppGUI\OpenCVAppGUI\OpenCVAppGUIDlg.cpp(1549,60): warning C4267: '인수': 'size_t'에서 '_Tp'(으)로 변환하면서 데이터가 손실될 수 있습니다.
          with
          [
              _Tp=int
          ]
D:\sample_opencv_platform\OpenCVAppGUI\OpenCVAppGUI\OpenCVAppGUIDlg.cpp(1559,41): warning C4267: '인수': 'size_t'에서 '_Tp'(으)로 변환하면서 데이터가 손실될 수 있습니다.
          with
          [
              _Tp=int
          ]
D:\sample_opencv_platform\OpenCVAppGUI\OpenCVAppGUI\OpenCVAppGUIDlg.cpp(1560,41): warning C4267: '인수': 'size_t'에서 '_Tp'(으)로 변환하면서 데이터가 손실될 수 있습니다.
          with
          [
              _Tp=int
          ]
D:\sample_opencv_platform\OpenCVAppGUI\OpenCVAppGUI\OpenCVAppGUIDlg.cpp(1565,18): warning C4244: '초기화 중': 'double'에서 'int'(으)로 변환하면서 데이터가 손실될 수 있습니다.
D:\sample_opencv_platform\OpenCVAppGUI\OpenCVAppGUI\OpenCVAppGUIDlg.cpp(1566,18): warning C4244: '초기화 중': 'double'에서 'int'(으)로 변환하면서 데이터가 손실될 수 있습니다.
D:\sample_opencv_platform\OpenCVAppGUI\OpenCVAppGUI\OpenCVAppGUIDlg.cpp(1567,50): warning C4267: '인수': 'size_t'에서 '_Tp'(으)로 변환하면서 데이터가 손실될 수 있습니다.
          with
          [
              _Tp=int
          ]
D:\sample_opencv_platform\OpenCVAppGUI\OpenCVAppGUI\OpenCVAppGUIDlg.cpp(1568,50): warning C4267: '인수': 'size_t'에서 '_Tp'(으)로 변환하면서 데이터가 손실될 수 있습니다.
          with
          [
              _Tp=int
          ]
D:\sample_opencv_platform\OpenCVAppGUI\OpenCVAppGUI\OpenCVAppGUIDlg.cpp(1705,39): warning C4244: '=': 'double'에서 'int'(으)로 변환하면서 데이터가 손실될 수 있습니다.
D:\sample_opencv_platform\OpenCVAppGUI\OpenCVAppGUI\OpenCVAppGUIDlg.cpp(1792,34): warning C4267: '초기화 중': 'size_t'에서 'int'(으)로 변환하면서 데이터가 손실될 수 있습니다.
D:\sample_opencv_platform\OpenCVAppGUI\OpenCVAppGUI\OpenCVAppGUIDlg.cpp(1797,30): warning C4267: '인수': 'size_t'에서 '_Tp'(으)로 변환하면서 데이터가 손실될 수 있습니다.
          with
          [
              _Tp=int
          ]
D:\sample_opencv_platform\OpenCVAppGUI\OpenCVAppGUI\OpenCVAppGUIDlg.cpp(1906,41): warning C4267: '인수': 'size_t'에서 '_Tp'(으)로 변환하면서 데이터가 손실될 수 있습니다.
          with
          [
              _Tp=int
          ]
D:\sample_opencv_platform\OpenCVAppGUI\OpenCVAppGUI\OpenCVAppGUIDlg.cpp(1907,59): warning C4267: '인수': 'size_t'에서 '_Tp'(으)로 변환하면서 데이터가 손실될 수 있습니다.
          with
          [
              _Tp=int
          ]
D:\sample_opencv_platform\OpenCVAppGUI\OpenCVAppGUI\OpenCVAppGUIDlg.cpp(1908,51): warning C4244: '인수': 'double'에서 'int'(으)로 변환하면서 데이터가 손실될 수 있습니다.
D:\sample_opencv_platform\OpenCVAppGUI\OpenCVAppGUI\OpenCVAppGUIDlg.cpp(1944,71): warning C4267: '초기화 중': 'size_t'에서 'int'(으)로 변환하면서 데이터가 손실될 수 있습니다.
D:\sample_opencv_platform\OpenCVAppGUI\OpenCVAppGUI\OpenCVAppGUIDlg.cpp(1945,54): warning C4267: '초기화 중': 'size_t'에서 'int'(으)로 변환하면서 데이터가 손실될 수 있습니다.
D:\sample_opencv_platform\OpenCVAppGUI\OpenCVAppGUI\OpenCVAppGUIDlg.cpp(1956,71): warning C4267: '초기화 중': 'size_t'에서 'int'(으)로 변환하면서 데이터가 손실될 수 있습니다.
D:\sample_opencv_platform\OpenCVAppGUI\OpenCVAppGUI\OpenCVAppGUIDlg.cpp(1957,54): warning C4267: '초기화 중': 'size_t'에서 'int'(으)로 변환하면서 데이터가 손실될 수 있습니다.
D:\sample_opencv_platform\OpenCVAppGUI\OpenCVAppGUI\OpenCVAppGUIDlg.cpp(1969,36): warning C4267: '인수': 'size_t'에서 'int'(으)로 변환하면서 데이터가 손실될 수 있습니다.
D:\sample_opencv_platform\OpenCVAppGUI\OpenCVAppGUI\OpenCVAppGUIDlg.cpp(1969,40): warning C4244: '=': 'double'에서 '_Tp'(으)로 변환하면서 데이터가 손실될 수 있습니다.
          with
          [
              _Tp=float
          ]
D:\sample_opencv_platform\OpenCVAppGUI\OpenCVAppGUI\OpenCVAppGUIDlg.cpp(1972,38): warning C4267: '인수': 'size_t'에서 '_Tp'(으)로 변환하면서 데이터가 손실될 수 있습니다.
          with
          [
              _Tp=int
          ]
D:\sample_opencv_platform\OpenCVAppGUI\OpenCVAppGUI\OpenCVAppGUIDlg.cpp(2009,63): warning C4244: '인수': '_Tp'에서 '_Tp'(으)로 변환하면서 데이터가 손실될 수 있습니다.
          with
          [
              _Tp=float
          ]
          and
          [
              _Tp=int
          ]
D:\sample_opencv_platform\OpenCVAppGUI\OpenCVAppGUI\OpenCVAppGUIDlg.cpp(2009,50): warning C4244: '인수': '_Tp'에서 '_Tp'(으)로 변환하면서 데이터가 손실될 수 있습니다.
          with
          [
              _Tp=float
          ]
          and
          [
              _Tp=int
          ]
D:\sample_opencv_platform\OpenCVAppGUI\OpenCVAppGUI\OpenCVAppGUIDlg.cpp(2016,83): warning C4244: '인수': 'double'에서 '_Tp'(으)로 변환하면서 데이터가 손실될 수 있습니다.
          with
          [
              _Tp=int
          ]
D:\sample_opencv_platform\OpenCVAppGUI\OpenCVAppGUI\OpenCVAppGUIDlg.cpp(2016,58): warning C4244: '인수': 'double'에서 '_Tp'(으)로 변환하면서 데이터가 손실될 수 있습니다.
          with
          [
              _Tp=int
          ]
D:\sample_opencv_platform\OpenCVAppGUI\OpenCVAppGUI\OpenCVAppGUIDlg.cpp(2039,63): warning C4244: '인수': '_Tp'에서 '_Tp'(으)로 변환하면서 데이터가 손실될 수 있습니다.
          with
          [
              _Tp=float
          ]
          and
          [
              _Tp=int
          ]
D:\sample_opencv_platform\OpenCVAppGUI\OpenCVAppGUI\OpenCVAppGUIDlg.cpp(2039,50): warning C4244: '인수': '_Tp'에서 '_Tp'(으)로 변환하면서 데이터가 손실될 수 있습니다.
          with
          [
              _Tp=float
          ]
          and
          [
              _Tp=int
          ]
  코드를 생성하고 있습니다...
  OpenCVAppGUI.vcxproj -> D:\sample_opencv_platform\OpenCVAppGUI\Build\x64\OpenCVAppGUId.exe
