  RoadLaneDetection.cpp
D:\sample_opencv_platform\thirdparty\opencv_470\build\include\opencv2\core.hpp(1747,1): warning C4819: 현재 코드 페이지(949)에서 표시할 수 없는 문자가 파일에 들어 있습니다. 데이터가 손실되지 않게 하려면 해당 파일을 유니코드 형식으로 저장하십시오.
D:\sample_opencv_platform\thirdparty\opencv_470\build\include\opencv2\core.hpp(1747,1): warning C4819: 현재 코드 페이지(949)에서 표시할 수 없는 문자가 파일에 들어 있습니다. 데이터가 손실되지 않게 하려면 해당 파일을 유니코드 형식으로 저장하십시오.
D:\sample_opencv_platform\thirdparty\opencv_470\build\include\opencv2\core.hpp(1747,1): warning C4819: 현재 코드 페이지(949)에서 표시할 수 없는 문자가 파일에 들어 있습니다. 데이터가 손실되지 않게 하려면 해당 파일을 유니코드 형식으로 저장하십시오.
D:\sample_opencv_platform\thirdparty\opencv_470\build\include\opencv2\objdetect\aruco_board.hpp(1,1): warning C4819: 현재 코드 페이지(949)에서 표시할 수 없는 문자가 파일에 들어 있습니다. 데이터가 손실되지 않게 하려면 해당 파일을 유니코드 형식으로 저장하십시오.
D:\sample_opencv_platform\OpenCVAppGUI\RoadLaneDetection\RoadLaneDetection.cpp(87,43): warning C4244: '인수': 'double'에서 '_Tp'(으)로 변환하면서 데이터가 손실될 수 있습니다.
          with
          [
              _Tp=int
          ]
D:\sample_opencv_platform\OpenCVAppGUI\RoadLaneDetection\RoadLaneDetection.cpp(88,52): warning C4244: '인수': 'double'에서 '_Tp'(으)로 변환하면서 데이터가 손실될 수 있습니다.
          with
          [
              _Tp=int
          ]
D:\sample_opencv_platform\OpenCVAppGUI\RoadLaneDetection\RoadLaneDetection.cpp(88,40): warning C4244: '인수': 'double'에서 '_Tp'(으)로 변환하면서 데이터가 손실될 수 있습니다.
          with
          [
              _Tp=int
          ]
D:\sample_opencv_platform\OpenCVAppGUI\RoadLaneDetection\RoadLaneDetection.cpp(89,60): warning C4244: '인수': 'double'에서 '_Tp'(으)로 변환하면서 데이터가 손실될 수 있습니다.
          with
          [
              _Tp=int
          ]
D:\sample_opencv_platform\OpenCVAppGUI\RoadLaneDetection\RoadLaneDetection.cpp(89,15): warning C4244: '인수': 'double'에서 '_Tp'(으)로 변환하면서 데이터가 손실될 수 있습니다.
          with
          [
              _Tp=int
          ]
D:\sample_opencv_platform\OpenCVAppGUI\RoadLaneDetection\RoadLaneDetection.cpp(90,15): warning C4244: '인수': 'double'에서 '_Tp'(으)로 변환하면서 데이터가 손실될 수 있습니다.
          with
          [
              _Tp=int
          ]
D:\sample_opencv_platform\OpenCVAppGUI\RoadLaneDetection\RoadLaneDetection.cpp(195,47): warning C4244: '인수': '_Tp'에서 '_Tp'(으)로 변환하면서 데이터가 손실될 수 있습니다.
          with
          [
              _Tp=double
          ]
          and
          [
              _Tp=int
          ]
D:\sample_opencv_platform\OpenCVAppGUI\RoadLaneDetection\RoadLaneDetection.cpp(195,32): warning C4244: '인수': '_Tp'에서 '_Tp'(으)로 변환하면서 데이터가 손실될 수 있습니다.
          with
          [
              _Tp=double
          ]
          and
          [
              _Tp=int
          ]
D:\sample_opencv_platform\OpenCVAppGUI\RoadLaneDetection\RoadLaneDetection.cpp(213,44): warning C4244: '인수': '_Tp'에서 '_Tp'(으)로 변환하면서 데이터가 손실될 수 있습니다.
          with
          [
              _Tp=double
          ]
          and
          [
              _Tp=int
          ]
D:\sample_opencv_platform\OpenCVAppGUI\RoadLaneDetection\RoadLaneDetection.cpp(213,30): warning C4244: '인수': '_Tp'에서 '_Tp'(으)로 변환하면서 데이터가 손실될 수 있습니다.
          with
          [
              _Tp=double
          ]
          and
          [
              _Tp=int
          ]
D:\sample_opencv_platform\OpenCVAppGUI\RoadLaneDetection\RoadLaneDetection.cpp(228,20): warning C4244: '인수': 'double'에서 '_Tp'(으)로 변환하면서 데이터가 손실될 수 있습니다.
          with
          [
              _Tp=int
          ]
D:\sample_opencv_platform\OpenCVAppGUI\RoadLaneDetection\RoadLaneDetection.cpp(229,20): warning C4244: '인수': 'double'에서 '_Tp'(으)로 변환하면서 데이터가 손실될 수 있습니다.
          with
          [
              _Tp=int
          ]
D:\sample_opencv_platform\OpenCVAppGUI\RoadLaneDetection\RoadLaneDetection.cpp(230,20): warning C4244: '인수': 'double'에서 '_Tp'(으)로 변환하면서 데이터가 손실될 수 있습니다.
          with
          [
              _Tp=int
          ]
D:\sample_opencv_platform\OpenCVAppGUI\RoadLaneDetection\RoadLaneDetection.cpp(231,20): warning C4244: '인수': 'double'에서 '_Tp'(으)로 변환하면서 데이터가 손실될 수 있습니다.
          with
          [
              _Tp=int
          ]
D:\sample_opencv_platform\OpenCVAppGUI\RoadLaneDetection\RoadLaneDetection.cpp(302,48): warning C4244: '인수': '_Tp'에서 '_Tp'(으)로 변환하면서 데이터가 손실될 수 있습니다.
          with
          [
              _Tp=double
          ]
          and
          [
              _Tp=int
          ]
D:\sample_opencv_platform\OpenCVAppGUI\RoadLaneDetection\RoadLaneDetection.cpp(302,34): warning C4244: '인수': '_Tp'에서 '_Tp'(으)로 변환하면서 데이터가 손실될 수 있습니다.
          with
          [
              _Tp=double
          ]
          and
          [
              _Tp=int
          ]
D:\sample_opencv_platform\OpenCVAppGUI\RoadLaneDetection\RoadLaneDetection.cpp(308,36): warning C4244: '인수': 'double'에서 '_Tp'(으)로 변환하면서 데이터가 손실될 수 있습니다.
          with
          [
              _Tp=int
          ]
D:\sample_opencv_platform\OpenCVAppGUI\RoadLaneDetection\RoadLaneDetection.cpp(308,51): warning C4244: '인수': 'double'에서 '_Tp'(으)로 변환하면서 데이터가 손실될 수 있습니다.
          with
          [
              _Tp=int
          ]
D:\sample_opencv_platform\OpenCVAppGUI\RoadLaneDetection\RoadLaneDetection.cpp(317,35): warning C4244: '인수': 'double'에서 '_Tp'(으)로 변환하면서 데이터가 손실될 수 있습니다.
          with
          [
              _Tp=int
          ]
D:\sample_opencv_platform\OpenCVAppGUI\RoadLaneDetection\RoadLaneDetection.cpp(317,50): warning C4244: '인수': 'double'에서 '_Tp'(으)로 변환하면서 데이터가 손실될 수 있습니다.
          with
          [
              _Tp=int
          ]
D:\sample_opencv_platform\OpenCVAppGUI\RoadLaneDetection\RoadLaneDetection.cpp(332,11): warning C4244: '초기화 중': '_Tp'에서 'float'(으)로 변환하면서 데이터가 손실될 수 있습니다.
          with
          [
              _Tp=int
          ]
D:\sample_opencv_platform\OpenCVAppGUI\RoadLaneDetection\RoadLaneDetection.cpp(333,11): warning C4244: '초기화 중': '_Tp'에서 'float'(으)로 변환하면서 데이터가 손실될 수 있습니다.
          with
          [
              _Tp=int
          ]
D:\sample_opencv_platform\OpenCVAppGUI\RoadLaneDetection\RoadLaneDetection.cpp(344,27): warning C4267: '초기화 중': 'size_t'에서 'int'(으)로 변환하면서 데이터가 손실될 수 있습니다.
D:\sample_opencv_platform\OpenCVAppGUI\RoadLaneDetection\RoadLaneDetection.cpp(382,22): warning C4244: '=': 'double'에서 '_Tp'(으)로 변환하면서 데이터가 손실될 수 있습니다.
          with
          [
              _Tp=int
          ]
D:\sample_opencv_platform\OpenCVAppGUI\RoadLaneDetection\RoadLaneDetection.cpp(383,22): warning C4244: '=': 'double'에서 '_Tp'(으)로 변환하면서 데이터가 손실될 수 있습니다.
          with
          [
              _Tp=int
          ]
  RoadLaneDetection.vcxproj -> D:\sample_opencv_platform\OpenCVAppGUI\Build\x64\RoadLaneDetectiond.exe
